<?xml version="1.0" encoding="UTF-8"?>
<!-- Generated by org.testng.reporters.JUnitXMLReporter -->
<testsuite ignored="0" hostname="DESKTOP-JAS0CHU" failures="0" tests="5" name="Test1" time="0.029" errors="0" timestamp="2025-09-06T14:24:27 IST">
  <testcase classname="BaiscsOfTestNg.TestNG1" name="Testcase1" time="0.002"/>
  <testcase classname="BaiscsOfTestNg.TestNG1" name="Testcase2" time="0.002"/>
  <testcase classname="BaiscsOfTestNg.TestNG1" name="Testcase3" time="0.001"/>
  <testcase classname="BaiscsOfTestNg.TestNg2" name="Testcase4" time="0.001"/>
  <testcase classname="BaiscsOfTestNg.TestNg2" name="Testcase5" time="0.0"/>
</testsuite> <!-- Test1 -->
